<?xml version="1.0" encoding="UTF-8"?>
<!-- Generated by org.testng.reporters.JUnitXMLReporter -->
<testsuite ignored="0" hostname="LAPTOP-CNO9CB27" failures="0" tests="3" name="Default test" time="4.39" errors="0" timestamp="2026-02-06T21:59:58 EST">
  <testcase classname="APItest.testrestfulbooker" name="createBooking" time="1.69"/>
  <testcase classname="APItest.testrestfulbooker" name="getAllBookings" time="1.33"/>
  <testcase classname="APItest.testrestfulbooker" name="getBookingById" time="0.826"/>
</testsuite> <!-- Default test -->
