<?xml version="1.0" encoding="UTF-8"?>
<testng-results ignored="0" total="3" passed="3" failed="0" skipped="0">
  <reporter-output>
  </reporter-output>
  <suite started-at="2026-02-06T21:59:54 EST" name="Default suite" finished-at="2026-02-06T21:59:58 EST" duration-ms="4390">
    <groups>
    </groups>
    <test started-at="2026-02-06T21:59:54 EST" name="Default test" finished-at="2026-02-06T21:59:58 EST" duration-ms="4390">
      <class name="APItest.testrestfulbooker">
        <test-method is-config="true" signature="setup()[pri:0, instance:APItest.testrestfulbooker@443118b0]" started-at="2026-02-06T21:59:54 EST" name="setup" finished-at="2026-02-06T21:59:54 EST" duration-ms="497" status="PASS">
          <reporter-output>
          </reporter-output>
        </test-method> <!-- setup -->
        <test-method signature="createBooking()[pri:0, instance:APItest.testrestfulbooker@443118b0]" started-at="2026-02-06T21:59:54 EST" name="createBooking" finished-at="2026-02-06T21:59:56 EST" duration-ms="1690" status="PASS">
          <reporter-output>
          </reporter-output>
        </test-method> <!-- createBooking -->
        <test-method signature="getAllBookings()[pri:0, instance:APItest.testrestfulbooker@443118b0]" started-at="2026-02-06T21:59:56 EST" name="getAllBookings" finished-at="2026-02-06T21:59:57 EST" duration-ms="1330" status="PASS">
          <reporter-output>
          </reporter-output>
        </test-method> <!-- getAllBookings -->
        <test-method signature="getBookingById()[pri:0, instance:APItest.testrestfulbooker@443118b0]" started-at="2026-02-06T21:59:57 EST" name="getBookingById" finished-at="2026-02-06T21:59:58 EST" duration-ms="826" status="PASS">
          <reporter-output>
          </reporter-output>
        </test-method> <!-- getBookingById -->
      </class> <!-- APItest.testrestfulbooker -->
    </test> <!-- Default test -->
  </suite> <!-- Default suite -->
</testng-results>
