<?xml version="1.0" encoding="UTF-8"?>
<!-- Generated by org.testng.reporters.JUnitReportReporter -->
<testsuite hostname="LAPTOP-CNO9CB27" failures="0" tests="3" name="APItest.testrestfulbooker" time="3.846" errors="0" timestamp="2026-02-06T21:59:58 EST" skipped="0">
  <testcase classname="APItest.testrestfulbooker" name="createBooking" time="1.690"/>
  <testcase classname="APItest.testrestfulbooker" name="getAllBookings" time="1.330"/>
  <testcase classname="APItest.testrestfulbooker" name="getBookingById" time="0.826"/>
</testsuite> <!-- APItest.testrestfulbooker -->
